<?xml version="1.0" encoding="UTF-8"?>
<!-- Generated by org.testng.reporters.JUnitReportReporter -->
<testsuite name="tests.TestExecution" tests="1" time="3.293" ignored="6" failures="0" timestamp="28 Dec 2019 10:13:06 GMT" skipped="0" hostname="Adityas-MacBook-Air.local" errors="0">
  <testcase name="deleteEmployee" time="3.293" classname="tests.TestExecution"/>
  <testcase name="createEmployee" classname="tests.TestExecution">
    <skipped/>
  </testcase> <!-- createEmployee -->
  <testcase name="invalidLogin" classname="tests.TestExecution">
    <skipped/>
  </testcase> <!-- invalidLogin -->
  <testcase name="updateEmployee" classname="tests.TestExecution">
    <skipped/>
  </testcase> <!-- updateEmployee -->
  <testcase name="correctLogout" classname="tests.TestExecution">
    <skipped/>
  </testcase> <!-- correctLogout -->
  <testcase name="invalidCreateEmployee" classname="tests.TestExecution">
    <skipped/>
  </testcase> <!-- invalidCreateEmployee -->
  <testcase name="validLogin" classname="tests.TestExecution">
    <skipped/>
  </testcase> <!-- validLogin -->
</testsuite> <!-- tests.TestExecution -->
